[Wed Jan 27 2016 23:24:57 GMT+0800 (中国标准时间)]/point code:1001 message:{"msg":"tmd"}Error: 1001
    at new SysError (G:\workhome\githome\tedfe-server\util\error.js:8:16)
    at G:\workhome\githome\tedfe-server\app\point\index.js:8:11
    at Layer.handle [as handle_request] (G:\workhome\githome\tedfe-server\node_modules\express\lib\router\layer.js:95:5)
    at next (G:\workhome\githome\tedfe-server\node_modules\express\lib\router\route.js:131:13)
    at Route.dispatch (G:\workhome\githome\tedfe-server\node_modules\express\lib\router\route.js:112:3)
    at Layer.handle [as handle_request] (G:\workhome\githome\tedfe-server\node_modules\express\lib\router\layer.js:95:5)
    at G:\workhome\githome\tedfe-server\node_modules\express\lib\router\index.js:277:22
    at Function.process_params (G:\workhome\githome\tedfe-server\node_modules\express\lib\router\index.js:330:12)
    at next (G:\workhome\githome\tedfe-server\node_modules\express\lib\router\index.js:271:10)
    at Function.handle (G:\workhome\githome\tedfe-server\node_modules\express\lib\router\index.js:176:3)
[Wed Jan 27 2016 23:25:03 GMT+0800 (中国标准时间)]/point code:1001 message:{"msg":"tmd"}Error: 1001
    at new SysError (G:\workhome\githome\tedfe-server\util\error.js:8:16)
    at G:\workhome\githome\tedfe-server\app\point\index.js:8:11
    at Layer.handle [as handle_request] (G:\workhome\githome\tedfe-server\node_modules\express\lib\router\layer.js:95:5)
    at next (G:\workhome\githome\tedfe-server\node_modules\express\lib\router\route.js:131:13)
    at Route.dispatch (G:\workhome\githome\tedfe-server\node_modules\express\lib\router\route.js:112:3)
    at Layer.handle [as handle_request] (G:\workhome\githome\tedfe-server\node_modules\express\lib\router\layer.js:95:5)
    at G:\workhome\githome\tedfe-server\node_modules\express\lib\router\index.js:277:22
    at Function.process_params (G:\workhome\githome\tedfe-server\node_modules\express\lib\router\index.js:330:12)
    at next (G:\workhome\githome\tedfe-server\node_modules\express\lib\router\index.js:271:10)
    at Function.handle (G:\workhome\githome\tedfe-server\node_modules\express\lib\router\index.js:176:3)
